<?xml version="1.0" encoding="UTF-8"?>
<coverage generated="1539613553240" clover="3.2.0">
  <project timestamp="1539613553240" name="All files">
    <metrics statements="32" coveredstatements="28" conditionals="16" coveredconditionals="14" methods="12" coveredmethods="11" elements="60" coveredelements="53" complexity="0" loc="32" ncloc="32" packages="3" files="5" classes="5">
      <package name="components.BreadCrumb">
        <metrics statements="3" coveredstatements="3" conditionals="0" coveredconditionals="0" methods="2" coveredmethods="2"/>
        <file name="BreadCrumb.jsx" path="C:\Users\Administrator\Desktop\learn\react-learn\management\src\components\BreadCrumb\BreadCrumb.jsx">
          <metrics statements="1" coveredstatements="1" conditionals="0" coveredconditionals="0" methods="1" coveredmethods="1"/>
          <line num="7" count="3" type="stmt"/>
        </file>
        <file name="BreadCrumbItem.jsx" path="C:\Users\Administrator\Desktop\learn\react-learn\management\src\components\BreadCrumb\BreadCrumbItem.jsx">
          <metrics statements="1" coveredstatements="1" conditionals="0" coveredconditionals="0" methods="1" coveredmethods="1"/>
          <line num="7" count="4" type="stmt"/>
        </file>
        <file name="index.js" path="C:\Users\Administrator\Desktop\learn\react-learn\management\src\components\BreadCrumb\index.js">
          <metrics statements="1" coveredstatements="1" conditionals="0" coveredconditionals="0" methods="0" coveredmethods="0"/>
          <line num="4" count="1" type="stmt"/>
        </file>
      </package>
      <package name="components.Pagination">
        <metrics statements="23" coveredstatements="23" conditionals="14" coveredconditionals="14" methods="8" coveredmethods="8"/>
        <file name="Pagination.jsx" path="C:\Users\Administrator\Desktop\learn\react-learn\management\src\components\Pagination\Pagination.jsx">
          <metrics statements="23" coveredstatements="23" conditionals="14" coveredconditionals="14" methods="8" coveredmethods="8"/>
          <line num="18" count="7" type="stmt"/>
          <line num="19" count="7" type="stmt"/>
          <line num="25" count="5" type="stmt"/>
          <line num="26" count="5" type="stmt"/>
          <line num="27" count="5" type="cond" truecount="4" falsecount="0"/>
          <line num="28" count="1" type="stmt"/>
          <line num="30" count="5" type="cond" truecount="4" falsecount="0"/>
          <line num="31" count="1" type="stmt"/>
          <line num="33" count="5" type="cond" truecount="4" falsecount="0"/>
          <line num="34" count="4" type="stmt"/>
          <line num="35" count="4" type="stmt"/>
          <line num="42" count="12" type="stmt"/>
          <line num="43" count="12" type="stmt"/>
          <line num="44" count="12" type="stmt"/>
          <line num="45" count="12" type="stmt"/>
          <line num="46" count="12" type="stmt"/>
          <line num="47" count="36" type="cond" truecount="2" falsecount="0"/>
          <line num="48" count="36" type="stmt"/>
          <line num="49" count="2" type="stmt"/>
          <line num="54" count="12" type="stmt"/>
          <line num="58" count="12" type="stmt"/>
          <line num="61" count="2" type="stmt"/>
          <line num="65" count="1" type="stmt"/>
        </file>
      </package>
      <package name="utils">
        <metrics statements="6" coveredstatements="2" conditionals="2" coveredconditionals="0" methods="2" coveredmethods="1"/>
        <file name="utils.js" path="C:\Users\Administrator\Desktop\learn\react-learn\management\src\utils\utils.js">
          <metrics statements="6" coveredstatements="2" conditionals="2" coveredconditionals="0" methods="2" coveredmethods="1"/>
          <line num="1" count="3" type="stmt"/>
          <line num="3" count="1" type="stmt"/>
          <line num="4" count="0" type="stmt"/>
          <line num="5" count="0" type="cond" truecount="0" falsecount="2"/>
          <line num="6" count="0" type="stmt"/>
          <line num="8" count="0" type="stmt"/>
        </file>
      </package>
    </metrics>
  </project>
</coverage>
