<?xml version="1.0" encoding="UTF-8"?>
<coverage generated="1539308001717" clover="3.2.0">
  <project timestamp="1539308001717" name="All files">
    <metrics statements="9" coveredstatements="5" conditionals="2" coveredconditionals="0" methods="4" coveredmethods="3" elements="15" coveredelements="8" complexity="0" loc="9" ncloc="9" packages="2" files="4" classes="4">
      <package name="components.BreadCrumb">
        <metrics statements="3" coveredstatements="3" conditionals="0" coveredconditionals="0" methods="2" coveredmethods="2"/>
        <file name="BreadCrumb.jsx" path="D:\桌面\learn\react-learn\management\src\components\BreadCrumb\BreadCrumb.jsx">
          <metrics statements="1" coveredstatements="1" conditionals="0" coveredconditionals="0" methods="1" coveredmethods="1"/>
          <line num="7" count="1" type="stmt"/>
        </file>
        <file name="BreadCrumbItem.jsx" path="D:\桌面\learn\react-learn\management\src\components\BreadCrumb\BreadCrumbItem.jsx">
          <metrics statements="1" coveredstatements="1" conditionals="0" coveredconditionals="0" methods="1" coveredmethods="1"/>
          <line num="7" count="2" type="stmt"/>
        </file>
        <file name="index.js" path="D:\桌面\learn\react-learn\management\src\components\BreadCrumb\index.js">
          <metrics statements="1" coveredstatements="1" conditionals="0" coveredconditionals="0" methods="0" coveredmethods="0"/>
          <line num="4" count="1" type="stmt"/>
        </file>
      </package>
      <package name="utils">
        <metrics statements="6" coveredstatements="2" conditionals="2" coveredconditionals="0" methods="2" coveredmethods="1"/>
        <file name="utils.js" path="D:\桌面\learn\react-learn\management\src\utils\utils.js">
          <metrics statements="6" coveredstatements="2" conditionals="2" coveredconditionals="0" methods="2" coveredmethods="1"/>
          <line num="1" count="3" type="stmt"/>
          <line num="3" count="1" type="stmt"/>
          <line num="4" count="0" type="stmt"/>
          <line num="5" count="0" type="cond" truecount="0" falsecount="2"/>
          <line num="6" count="0" type="stmt"/>
          <line num="8" count="0" type="stmt"/>
        </file>
      </package>
    </metrics>
  </project>
</coverage>
