{"C:\\Users\\Administrator\\Desktop\\learn\\react-learn\\management\\src\\components\\BreadCrumb\\BreadCrumb.jsx": {"path":"C:\\Users\\Administrator\\Desktop\\learn\\react-learn\\management\\src\\components\\BreadCrumb\\BreadCrumb.jsx","statementMap":{"0":{"start":{"line":7,"column":4},"end":{"line":11,"column":5}}},"fnMap":{"0":{"name":"(anonymous_0)","decl":{"start":{"line":6,"column":2},"end":{"line":6,"column":3}},"loc":{"start":{"line":6,"column":11},"end":{"line":12,"column":3}},"line":6}},"branchMap":{},"s":{"0":3},"f":{"0":3},"b":{},"_coverageSchema":"332fd63041d2c1bcb487cc26dd0d5f7d97098a6c","hash":"50d406f13fed19a0c212a1ea570c4f10e8191b74"}
,"C:\\Users\\Administrator\\Desktop\\learn\\react-learn\\management\\src\\components\\BreadCrumb\\BreadCrumbItem.jsx": {"path":"C:\\Users\\Administrator\\Desktop\\learn\\react-learn\\management\\src\\components\\BreadCrumb\\BreadCrumbItem.jsx","statementMap":{"0":{"start":{"line":7,"column":4},"end":{"line":11,"column":5}}},"fnMap":{"0":{"name":"(anonymous_0)","decl":{"start":{"line":6,"column":2},"end":{"line":6,"column":3}},"loc":{"start":{"line":6,"column":11},"end":{"line":12,"column":3}},"line":6}},"branchMap":{},"s":{"0":4},"f":{"0":4},"b":{},"_coverageSchema":"332fd63041d2c1bcb487cc26dd0d5f7d97098a6c","hash":"97911d8da20fea105ebd26b5982cd3dcf846fcf7"}
,"C:\\Users\\Administrator\\Desktop\\learn\\react-learn\\management\\src\\components\\BreadCrumb\\index.js": {"path":"C:\\Users\\Administrator\\Desktop\\learn\\react-learn\\management\\src\\components\\BreadCrumb\\index.js","statementMap":{"0":{"start":{"line":4,"column":0},"end":{"line":4,"column":32}}},"fnMap":{},"branchMap":{},"s":{"0":1},"f":{},"b":{},"_coverageSchema":"332fd63041d2c1bcb487cc26dd0d5f7d97098a6c","hash":"b791587b3adfbd2ca9ca2575622bfeff96a22409"}
,"C:\\Users\\Administrator\\Desktop\\learn\\react-learn\\management\\src\\components\\Pagination\\Pagination.jsx": {"path":"C:\\Users\\Administrator\\Desktop\\learn\\react-learn\\management\\src\\components\\Pagination\\Pagination.jsx","statementMap":{"0":{"start":{"line":18,"column":4},"end":{"line":18,"column":16}},"1":{"start":{"line":19,"column":4},"end":{"line":21,"column":5}},"2":{"start":{"line":25,"column":42},"end":{"line":25,"column":52}},"3":{"start":{"line":26,"column":24},"end":{"line":26,"column":34}},"4":{"start":{"line":27,"column":4},"end":{"line":29,"column":5}},"5":{"start":{"line":28,"column":6},"end":{"line":28,"column":25}},"6":{"start":{"line":30,"column":4},"end":{"line":32,"column":5}},"7":{"start":{"line":31,"column":6},"end":{"line":31,"column":25}},"8":{"start":{"line":33,"column":4},"end":{"line":38,"column":5}},"9":{"start":{"line":34,"column":6},"end":{"line":34,"column":31}},"10":{"start":{"line":35,"column":6},"end":{"line":37,"column":8}},"11":{"start":{"line":42,"column":32},"end":{"line":42,"column":42}},"12":{"start":{"line":43,"column":24},"end":{"line":43,"column":34}},"13":{"start":{"line":44,"column":20},"end":{"line":44,"column":47}},"14":{"start":{"line":45,"column":20},"end":{"line":45,"column":22}},"15":{"start":{"line":46,"column":4},"end":{"line":53,"column":5}},"16":{"start":{"line":47,"column":21},"end":{"line":47,"column":50}},"17":{"start":{"line":48,"column":6},"end":{"line":52,"column":7}},"18":{"start":{"line":49,"column":70},"end":{"line":49,"column":89}},"19":{"start":{"line":54,"column":4},"end":{"line":54,"column":18}},"20":{"start":{"line":58,"column":4},"end":{"line":70,"column":5}},"21":{"start":{"line":61,"column":65},"end":{"line":61,"column":89}},"22":{"start":{"line":65,"column":65},"end":{"line":65,"column":89}}},"fnMap":{"0":{"name":"(anonymous_0)","decl":{"start":{"line":14,"column":14},"end":{"line":14,"column":15}},"loc":{"start":{"line":14,"column":20},"end":{"line":14,"column":22}},"line":14},"1":{"name":"(anonymous_1)","decl":{"start":{"line":17,"column":2},"end":{"line":17,"column":3}},"loc":{"start":{"line":17,"column":21},"end":{"line":22,"column":3}},"line":17},"2":{"name":"(anonymous_2)","decl":{"start":{"line":24,"column":16},"end":{"line":24,"column":17}},"loc":{"start":{"line":24,"column":27},"end":{"line":39,"column":3}},"line":24},"3":{"name":"(anonymous_3)","decl":{"start":{"line":41,"column":18},"end":{"line":41,"column":19}},"loc":{"start":{"line":41,"column":24},"end":{"line":55,"column":3}},"line":41},"4":{"name":"(anonymous_4)","decl":{"start":{"line":49,"column":64},"end":{"line":49,"column":65}},"loc":{"start":{"line":49,"column":70},"end":{"line":49,"column":89}},"line":49},"5":{"name":"(anonymous_5)","decl":{"start":{"line":57,"column":2},"end":{"line":57,"column":3}},"loc":{"start":{"line":57,"column":11},"end":{"line":71,"column":3}},"line":57},"6":{"name":"(anonymous_6)","decl":{"start":{"line":61,"column":59},"end":{"line":61,"column":60}},"loc":{"start":{"line":61,"column":65},"end":{"line":61,"column":89}},"line":61},"7":{"name":"(anonymous_7)","decl":{"start":{"line":65,"column":59},"end":{"line":65,"column":60}},"loc":{"start":{"line":65,"column":65},"end":{"line":65,"column":89}},"line":65}},"branchMap":{"0":{"loc":{"start":{"line":27,"column":4},"end":{"line":29,"column":5}},"type":"if","locations":[{"start":{"line":27,"column":4},"end":{"line":29,"column":5}},{"start":{"line":27,"column":4},"end":{"line":29,"column":5}}],"line":27},"1":{"loc":{"start":{"line":27,"column":8},"end":{"line":27,"column":41}},"type":"binary-expr","locations":[{"start":{"line":27,"column":8},"end":{"line":27,"column":24}},{"start":{"line":27,"column":28},"end":{"line":27,"column":41}}],"line":27},"2":{"loc":{"start":{"line":30,"column":4},"end":{"line":32,"column":5}},"type":"if","locations":[{"start":{"line":30,"column":4},"end":{"line":32,"column":5}},{"start":{"line":30,"column":4},"end":{"line":32,"column":5}}],"line":30},"3":{"loc":{"start":{"line":30,"column":8},"end":{"line":30,"column":67}},"type":"binary-expr","locations":[{"start":{"line":30,"column":8},"end":{"line":30,"column":24}},{"start":{"line":30,"column":28},"end":{"line":30,"column":67}}],"line":30},"4":{"loc":{"start":{"line":33,"column":4},"end":{"line":38,"column":5}},"type":"if","locations":[{"start":{"line":33,"column":4},"end":{"line":38,"column":5}},{"start":{"line":33,"column":4},"end":{"line":38,"column":5}}],"line":33},"5":{"loc":{"start":{"line":33,"column":8},"end":{"line":33,"column":54}},"type":"binary-expr","locations":[{"start":{"line":33,"column":8},"end":{"line":33,"column":25}},{"start":{"line":33,"column":29},"end":{"line":33,"column":54}}],"line":33},"6":{"loc":{"start":{"line":47,"column":21},"end":{"line":47,"column":50}},"type":"cond-expr","locations":[{"start":{"line":47,"column":37},"end":{"line":47,"column":45}},{"start":{"line":47,"column":48},"end":{"line":47,"column":50}}],"line":47}},"s":{"0":7,"1":7,"2":5,"3":5,"4":5,"5":1,"6":5,"7":1,"8":5,"9":4,"10":4,"11":12,"12":12,"13":12,"14":12,"15":12,"16":36,"17":36,"18":2,"19":12,"20":12,"21":2,"22":1},"f":{"0":1,"1":7,"2":5,"3":12,"4":2,"5":12,"6":2,"7":1},"b":{"0":[1,4],"1":[5,2],"2":[1,4],"3":[5,1],"4":[4,1],"5":[5,5],"6":[12,24]},"_coverageSchema":"332fd63041d2c1bcb487cc26dd0d5f7d97098a6c","hash":"ee45f6ec75f93da68946cbe04a62171d3ecb8e5c"}
,"C:\\Users\\Administrator\\Desktop\\learn\\react-learn\\management\\src\\utils\\utils.js": {"path":"C:\\Users\\Administrator\\Desktop\\learn\\react-learn\\management\\src\\utils\\utils.js","statementMap":{"0":{"start":{"line":1,"column":23},"end":{"line":1,"column":78}},"1":{"start":{"line":1,"column":30},"end":{"line":1,"column":78}},"2":{"start":{"line":3,"column":26},"end":{"line":9,"column":1}},"3":{"start":{"line":4,"column":15},"end":{"line":4,"column":28}},"4":{"start":{"line":5,"column":2},"end":{"line":7,"column":3}},"5":{"start":{"line":6,"column":4},"end":{"line":6,"column":30}},"6":{"start":{"line":8,"column":2},"end":{"line":8,"column":15}}},"fnMap":{"0":{"name":"(anonymous_0)","decl":{"start":{"line":1,"column":23},"end":{"line":1,"column":24}},"loc":{"start":{"line":1,"column":30},"end":{"line":1,"column":78}},"line":1},"1":{"name":"(anonymous_1)","decl":{"start":{"line":3,"column":26},"end":{"line":3,"column":27}},"loc":{"start":{"line":3,"column":45},"end":{"line":9,"column":1}},"line":3}},"branchMap":{"0":{"loc":{"start":{"line":5,"column":9},"end":{"line":5,"column":61}},"type":"binary-expr","locations":[{"start":{"line":5,"column":9},"end":{"line":5,"column":15}},{"start":{"line":5,"column":19},"end":{"line":5,"column":61}}],"line":5}},"s":{"0":1,"1":3,"2":1,"3":0,"4":0,"5":0,"6":0},"f":{"0":3,"1":0},"b":{"0":[0,0]},"_coverageSchema":"332fd63041d2c1bcb487cc26dd0d5f7d97098a6c","hash":"9ac60647b9ee6fa40c7f50c88f2a1dfca0808585"}
}
