{"D:\\桌面\\learn\\react-learn\\management\\src\\components\\BreadCrumb\\BreadCrumb.jsx": {"path":"D:\\桌面\\learn\\react-learn\\management\\src\\components\\BreadCrumb\\BreadCrumb.jsx","statementMap":{"0":{"start":{"line":7,"column":4},"end":{"line":11,"column":5}}},"fnMap":{"0":{"name":"(anonymous_0)","decl":{"start":{"line":6,"column":2},"end":{"line":6,"column":3}},"loc":{"start":{"line":6,"column":11},"end":{"line":12,"column":3}},"line":6}},"branchMap":{},"s":{"0":1},"f":{"0":1},"b":{},"_coverageSchema":"332fd63041d2c1bcb487cc26dd0d5f7d97098a6c","hash":"017a3f5161ed3558a02176592a22f1ae528e3043"}
,"D:\\桌面\\learn\\react-learn\\management\\src\\components\\BreadCrumb\\BreadCrumbItem.jsx": {"path":"D:\\桌面\\learn\\react-learn\\management\\src\\components\\BreadCrumb\\BreadCrumbItem.jsx","statementMap":{"0":{"start":{"line":7,"column":4},"end":{"line":11,"column":5}}},"fnMap":{"0":{"name":"(anonymous_0)","decl":{"start":{"line":6,"column":2},"end":{"line":6,"column":3}},"loc":{"start":{"line":6,"column":11},"end":{"line":12,"column":3}},"line":6}},"branchMap":{},"s":{"0":2},"f":{"0":2},"b":{},"_coverageSchema":"332fd63041d2c1bcb487cc26dd0d5f7d97098a6c","hash":"449a8853d698b6c1472a8dd3ee00d7422a7a5164"}
,"D:\\桌面\\learn\\react-learn\\management\\src\\components\\BreadCrumb\\index.js": {"path":"D:\\桌面\\learn\\react-learn\\management\\src\\components\\BreadCrumb\\index.js","statementMap":{"0":{"start":{"line":4,"column":0},"end":{"line":4,"column":32}}},"fnMap":{},"branchMap":{},"s":{"0":1},"f":{},"b":{},"_coverageSchema":"332fd63041d2c1bcb487cc26dd0d5f7d97098a6c","hash":"03d8c73e89d1089de71b8a48c065537a370851bf"}
,"D:\\桌面\\learn\\react-learn\\management\\src\\utils\\utils.js": {"path":"D:\\桌面\\learn\\react-learn\\management\\src\\utils\\utils.js","statementMap":{"0":{"start":{"line":1,"column":23},"end":{"line":1,"column":78}},"1":{"start":{"line":1,"column":30},"end":{"line":1,"column":78}},"2":{"start":{"line":3,"column":26},"end":{"line":9,"column":1}},"3":{"start":{"line":4,"column":15},"end":{"line":4,"column":28}},"4":{"start":{"line":5,"column":2},"end":{"line":7,"column":3}},"5":{"start":{"line":6,"column":4},"end":{"line":6,"column":30}},"6":{"start":{"line":8,"column":2},"end":{"line":8,"column":15}}},"fnMap":{"0":{"name":"(anonymous_0)","decl":{"start":{"line":1,"column":23},"end":{"line":1,"column":24}},"loc":{"start":{"line":1,"column":30},"end":{"line":1,"column":78}},"line":1},"1":{"name":"(anonymous_1)","decl":{"start":{"line":3,"column":26},"end":{"line":3,"column":27}},"loc":{"start":{"line":3,"column":45},"end":{"line":9,"column":1}},"line":3}},"branchMap":{"0":{"loc":{"start":{"line":5,"column":9},"end":{"line":5,"column":61}},"type":"binary-expr","locations":[{"start":{"line":5,"column":9},"end":{"line":5,"column":15}},{"start":{"line":5,"column":19},"end":{"line":5,"column":61}}],"line":5}},"s":{"0":1,"1":3,"2":1,"3":0,"4":0,"5":0,"6":0},"f":{"0":3,"1":0},"b":{"0":[0,0]},"_coverageSchema":"332fd63041d2c1bcb487cc26dd0d5f7d97098a6c","hash":"f2524b9022419d8fa344152b7896a0f8ad9bdd81"}
}
