TN:
SF:D:\桌面\learn\react-learn\management\src\components\BreadCrumb\BreadCrumb.jsx
FN:6,(anonymous_0)
FNF:1
FNH:1
FNDA:1,(anonymous_0)
DA:7,1
LF:1
LH:1
BRF:0
BRH:0
end_of_record
TN:
SF:D:\桌面\learn\react-learn\management\src\components\BreadCrumb\BreadCrumbItem.jsx
FN:6,(anonymous_0)
FNF:1
FNH:1
FNDA:2,(anonymous_0)
DA:7,2
LF:1
LH:1
BRF:0
BRH:0
end_of_record
TN:
SF:D:\桌面\learn\react-learn\management\src\components\BreadCrumb\index.js
FNF:0
FNH:0
DA:4,1
LF:1
LH:1
BRF:0
BRH:0
end_of_record
TN:
SF:D:\桌面\learn\react-learn\management\src\utils\utils.js
FN:1,(anonymous_0)
FN:3,(anonymous_1)
FNF:2
FNH:1
FNDA:3,(anonymous_0)
FNDA:0,(anonymous_1)
DA:1,3
DA:3,1
DA:4,0
DA:5,0
DA:6,0
DA:8,0
LF:6
LH:2
BRDA:5,0,0,0
BRDA:5,0,1,0
BRF:2
BRH:0
end_of_record
