TN:
SF:C:\Users\Administrator\Desktop\learn\react-learn\management\src\components\BreadCrumb\BreadCrumb.jsx
FN:6,(anonymous_0)
FNF:1
FNH:1
FNDA:3,(anonymous_0)
DA:7,3
LF:1
LH:1
BRF:0
BRH:0
end_of_record
TN:
SF:C:\Users\Administrator\Desktop\learn\react-learn\management\src\components\BreadCrumb\BreadCrumbItem.jsx
FN:6,(anonymous_0)
FNF:1
FNH:1
FNDA:4,(anonymous_0)
DA:7,4
LF:1
LH:1
BRF:0
BRH:0
end_of_record
TN:
SF:C:\Users\Administrator\Desktop\learn\react-learn\management\src\components\BreadCrumb\index.js
FNF:0
FNH:0
DA:4,1
LF:1
LH:1
BRF:0
BRH:0
end_of_record
TN:
SF:C:\Users\Administrator\Desktop\learn\react-learn\management\src\components\Pagination\Pagination.jsx
FN:14,(anonymous_0)
FN:17,(anonymous_1)
FN:24,(anonymous_2)
FN:41,(anonymous_3)
FN:49,(anonymous_4)
FN:57,(anonymous_5)
FN:61,(anonymous_6)
FN:65,(anonymous_7)
FNF:8
FNH:8
FNDA:1,(anonymous_0)
FNDA:7,(anonymous_1)
FNDA:5,(anonymous_2)
FNDA:12,(anonymous_3)
FNDA:2,(anonymous_4)
FNDA:12,(anonymous_5)
FNDA:2,(anonymous_6)
FNDA:1,(anonymous_7)
DA:18,7
DA:19,7
DA:25,5
DA:26,5
DA:27,5
DA:28,1
DA:30,5
DA:31,1
DA:33,5
DA:34,4
DA:35,4
DA:42,12
DA:43,12
DA:44,12
DA:45,12
DA:46,12
DA:47,36
DA:48,36
DA:49,2
DA:54,12
DA:58,12
DA:61,2
DA:65,1
LF:23
LH:23
BRDA:27,0,0,1
BRDA:27,0,1,4
BRDA:27,1,0,5
BRDA:27,1,1,2
BRDA:30,2,0,1
BRDA:30,2,1,4
BRDA:30,3,0,5
BRDA:30,3,1,1
BRDA:33,4,0,4
BRDA:33,4,1,1
BRDA:33,5,0,5
BRDA:33,5,1,5
BRDA:47,6,0,12
BRDA:47,6,1,24
BRF:14
BRH:14
end_of_record
TN:
SF:C:\Users\Administrator\Desktop\learn\react-learn\management\src\utils\utils.js
FN:1,(anonymous_0)
FN:3,(anonymous_1)
FNF:2
FNH:1
FNDA:3,(anonymous_0)
FNDA:0,(anonymous_1)
DA:1,3
DA:3,1
DA:4,0
DA:5,0
DA:6,0
DA:8,0
LF:6
LH:2
BRDA:5,0,0,0
BRDA:5,0,1,0
BRF:2
BRH:0
end_of_record
